<?xml version="1.0" encoding="UTF-8"?>
<testsuite name="RectangleTest" tests="1" skipped="0" failures="0" errors="0" timestamp="2016-04-07T20:01:35" hostname="Dillons-MacBook-Pro.local" time="0.002">
  <properties/>
  <testcase name="newRectangle_instantiatesCorrectly" classname="RectangleTest" time="0.002"/>
  <system-out><![CDATA[]]></system-out>
  <system-err><![CDATA[]]></system-err>
</testsuite>
